SF:/Users/milad/StudioProjects/injectable/injectable/lib/src/injectable_annotations.dart
DA:95,4
DA:117,4
DA:171,4
DA:202,4
DA:222,4
DA:254,4
DA:262,1
DA:277,4
DA:313,4
DA:325,4
DA:337,4
DA:348,4
DA:360,4
DA:377,4
DA:388,4
DA:403,4
DA:418,1
DA:425,1
LF:18
LH:18
end_of_record
SF:/Users/milad/StudioProjects/injectable/injectable/lib/src/environment_filter.dart
DA:15,2
DA:28,1
DA:31,1
DA:33,1
DA:34,2
DA:40,2
DA:41,4
DA:43,2
DA:45,2
DA:46,6
DA:53,1
DA:55,1
DA:57,1
DA:58,2
DA:65,1
DA:67,1
DA:69,1
DA:70,3
DA:75,6
LF:19
LH:19
end_of_record
SF:/Users/milad/StudioProjects/injectable/injectable/lib/src/get_it_helper.dart
DA:15,1
DA:19,1
DA:21,2
DA:24,2
DA:25,2
DA:26,2
DA:30,0
DA:36,2
DA:37,2
DA:38,3
DA:44,1
DA:49,2
DA:51,1
DA:55,2
DA:61,1
DA:62,2
DA:67,1
DA:72,1
DA:73,2
DA:79,1
DA:84,1
DA:85,2
DA:91,1
DA:97,1
DA:99,2
DA:100,2
DA:101,1
DA:107,2
DA:110,1
DA:115,1
DA:121,1
DA:123,2
DA:124,2
DA:125,1
DA:131,2
DA:137,1
DA:142,1
DA:147,1
DA:148,2
DA:157,1
DA:162,1
DA:163,2
DA:172,1
DA:177,1
DA:178,2
DA:187,1
DA:192,1
DA:193,2
DA:202,1
DA:208,1
DA:209,2
DA:219,1
DA:226,1
DA:228,2
DA:229,2
DA:230,1
DA:237,2
DA:244,1
DA:249,1
DA:256,1
DA:257,2
DA:258,1
DA:268,1
DA:277,1
DA:279,2
DA:280,3
DA:288,2
DA:297,1
DA:302,1
DA:310,1
DA:311,0
DA:323,1
DA:328,1
DA:329,2
DA:331,1
DA:333,1
DA:334,1
DA:336,1
DA:341,1
DA:346,1
DA:351,2
DA:353,2
DA:356,1
LF:83
LH:81
end_of_record
