SF:/Users/milad/StudioProjects/injectable/injectable_generator/lib/code_builder/builder_utils.dart
DA:14,12
DA:16,5
DA:17,5
DA:18,15
DA:21,5
DA:22,5
DA:23,15
DA:29,6
DA:30,6
DA:34,6
DA:35,6
DA:37,12
DA:38,17
DA:39,5
DA:40,5
DA:43,6
DA:44,6
DA:45,16
DA:48,6
DA:49,6
DA:52,2
DA:53,4
DA:60,6
DA:62,0
DA:64,0
DA:67,5
DA:70,5
DA:71,15
DA:72,15
DA:73,15
DA:75,6
DA:76,18
DA:80,24
DA:84,20
DA:87,6
DA:90,16
DA:92,6
DA:93,6
DA:95,16
DA:98,6
DA:102,12
DA:103,17
DA:104,5
DA:110,10
DA:112,5
DA:113,32
DA:115,5
DA:117,10
DA:122,2
DA:123,2
DA:126,1
DA:130,3
DA:136,2
DA:138,6
DA:141,6
DA:142,24
DA:144,6
DA:148,1
DA:152,1
DA:153,7
DA:157,1
DA:162,1
DA:163,1
DA:164,3
DA:165,3
DA:166,6
DA:170,0
DA:174,0
DA:177,1
DA:178,3
DA:181,2
DA:185,2
DA:186,2
DA:187,2
DA:188,2
DA:189,2
DA:192,5
DA:198,10
DA:199,0
DA:201,5
DA:202,0
DA:203,0
DA:204,0
DA:205,0
DA:206,0
DA:207,0
DA:209,0
DA:210,0
DA:211,0
DA:213,0
DA:218,10
DA:220,10
DA:221,5
DA:222,10
DA:223,10
DA:224,2
DA:225,4
LF:97
LH:82
end_of_record
SF:/Users/milad/StudioProjects/injectable/injectable_generator/lib/code_builder/library_builder.dart
DA:26,4
DA:31,8
DA:32,6
DA:39,4
DA:40,8
DA:41,6
DA:42,3
DA:43,3
DA:52,12
DA:53,12
DA:54,0
DA:55,0
DA:57,9
DA:58,4
DA:62,3
DA:67,3
DA:68,4
DA:70,3
DA:72,6
DA:73,6
DA:74,3
DA:75,3
DA:76,9
DA:78,12
DA:80,3
DA:98,2
DA:108,2
DA:110,1
DA:115,2
DA:116,2
DA:117,1
DA:118,0
DA:122,1
DA:123,1
DA:124,2
DA:126,1
DA:127,1
DA:128,0
DA:130,1
DA:131,1
DA:132,0
DA:135,1
DA:137,1
DA:138,0
DA:143,1
DA:144,0
DA:146,1
DA:147,1
DA:148,1
DA:149,1
DA:151,1
DA:152,2
DA:153,1
DA:155,1
DA:156,1
DA:157,0
DA:158,1
DA:159,1
DA:160,1
DA:161,1
DA:164,1
DA:165,1
DA:166,1
DA:167,1
DA:171,1
DA:173,1
DA:174,1
DA:175,3
DA:179,3
DA:180,1
DA:181,0
DA:182,0
DA:183,0
DA:184,0
DA:185,0
DA:186,0
DA:189,1
DA:190,1
DA:191,1
DA:192,1
DA:193,1
DA:194,1
DA:195,2
DA:198,1
DA:202,0
DA:203,0
DA:204,0
DA:205,0
DA:206,0
DA:210,1
DA:211,0
DA:213,0
DA:220,2
DA:221,2
DA:223,2
DA:224,3
DA:227,5
DA:228,5
DA:230,1
DA:231,1
DA:232,1
DA:233,5
DA:235,3
DA:236,1
DA:237,1
DA:238,1
DA:240,4
DA:241,1
DA:242,1
DA:243,1
DA:245,1
DA:246,2
DA:247,1
DA:248,1
DA:249,1
DA:250,1
DA:251,2
DA:255,5
DA:256,2
DA:257,1
DA:258,1
DA:259,4
DA:260,1
DA:261,2
DA:262,4
DA:268,1
DA:269,1
DA:272,1
DA:273,1
DA:274,1
DA:275,3
DA:276,4
DA:277,4
DA:279,4
DA:281,1
DA:288,0
DA:289,0
DA:290,0
DA:292,0
DA:293,0
DA:295,0
DA:296,0
DA:297,0
DA:298,0
DA:299,0
DA:300,0
DA:301,0
DA:304,0
DA:305,0
DA:306,0
DA:307,0
DA:308,0
DA:309,0
DA:310,0
DA:311,0
DA:317,0
DA:318,0
DA:319,0
DA:320,0
DA:321,0
DA:322,0
DA:323,0
DA:324,0
DA:325,0
DA:329,0
DA:352,4
DA:363,8
DA:364,4
DA:366,1
DA:369,2
DA:370,2
DA:371,2
DA:375,2
DA:376,1
DA:377,0
DA:381,2
DA:383,1
DA:384,2
DA:385,0
DA:386,0
DA:387,0
DA:388,0
DA:389,1
DA:390,0
DA:391,0
DA:392,0
DA:393,0
DA:394,0
DA:396,0
DA:399,0
DA:401,3
DA:402,2
DA:403,0
DA:405,1
DA:408,2
DA:409,0
DA:410,0
DA:411,0
DA:412,0
DA:416,1
DA:417,0
DA:418,0
DA:419,0
DA:420,0
DA:421,0
DA:425,0
DA:426,0
DA:427,0
DA:428,0
DA:433,3
DA:435,1
DA:436,1
DA:439,1
DA:440,1
DA:441,2
DA:442,2
DA:444,1
DA:445,1
DA:446,2
DA:447,4
DA:448,3
DA:449,2
DA:450,1
DA:451,1
DA:452,1
DA:453,1
DA:455,1
DA:456,0
DA:457,0
DA:458,0
DA:459,0
DA:462,3
DA:463,3
DA:464,1
DA:465,1
DA:466,1
DA:467,1
DA:468,2
DA:470,1
DA:471,1
DA:472,1
DA:473,1
DA:474,2
DA:480,1
DA:481,0
DA:482,0
DA:483,0
DA:484,0
DA:485,0
DA:487,0
DA:488,0
DA:489,0
DA:490,0
DA:491,0
DA:492,0
DA:499,2
DA:500,4
DA:501,1
DA:503,0
DA:504,0
DA:505,0
DA:506,0
DA:507,0
DA:508,0
DA:509,0
DA:510,0
DA:511,0
DA:512,0
DA:513,0
DA:514,0
DA:515,0
DA:516,0
DA:522,0
DA:523,0
DA:525,0
DA:528,0
DA:529,0
DA:530,1
DA:531,1
DA:532,2
DA:533,0
DA:534,0
DA:535,3
DA:537,0
DA:538,1
DA:539,0
DA:540,0
DA:541,0
DA:543,0
DA:545,0
DA:546,1
DA:547,3
DA:554,3
DA:556,3
DA:557,6
DA:558,3
DA:560,6
DA:561,10
DA:563,4
DA:564,4
DA:565,2
DA:566,2
DA:570,4
DA:572,4
DA:573,4
DA:574,2
DA:575,2
DA:579,2
DA:582,3
DA:584,6
DA:585,3
DA:586,6
DA:587,3
DA:588,3
DA:589,3
DA:590,6
DA:591,3
DA:592,6
DA:593,14
DA:595,3
DA:596,3
DA:598,3
DA:599,3
DA:600,9
DA:601,6
DA:602,3
DA:604,3
DA:605,9
DA:606,10
DA:609,6
DA:612,4
DA:616,4
DA:617,0
DA:619,4
DA:620,4
DA:621,1
DA:622,4
DA:624,1
DA:625,1
DA:626,1
DA:627,3
DA:628,3
DA:629,1
DA:630,2
DA:631,1
DA:632,1
DA:633,2
DA:634,1
DA:635,1
DA:636,1
DA:637,3
DA:638,2
DA:639,3
DA:641,1
DA:643,1
DA:644,1
DA:648,4
DA:655,2
DA:656,2
DA:657,12
DA:658,10
DA:660,4
DA:661,4
DA:666,1
DA:668,2
DA:669,1
DA:671,2
DA:677,2
DA:678,1
DA:679,2
DA:680,1
DA:681,1
DA:682,1
DA:683,2
DA:684,1
DA:685,1
DA:686,1
DA:688,1
DA:689,4
DA:690,2
DA:691,2
DA:692,5
DA:694,2
DA:695,1
DA:696,2
DA:697,1
DA:699,4
DA:702,2
DA:705,0
DA:706,0
DA:707,0
DA:708,0
DA:709,0
DA:710,0
DA:713,0
DA:714,0
DA:715,0
DA:716,0
DA:717,0
DA:718,0
DA:724,0
DA:727,0
DA:728,0
DA:729,0
DA:730,0
DA:731,0
DA:732,0
DA:734,0
DA:739,0
DA:740,0
LF:410
LH:268
end_of_record
SF:/Users/milad/StudioProjects/injectable/injectable_generator/lib/injectable_types.dart
DA:2,0
LF:1
LH:0
end_of_record
SF:/Users/milad/StudioProjects/injectable/injectable_generator/lib/models/dependency_config.dart
DA:36,7
DA:59,3
DA:67,3
DA:68,3
DA:69,3
DA:74,3
DA:75,2
DA:76,1
DA:77,1
DA:80,3
DA:85,2
DA:93,2
DA:94,2
DA:95,2
DA:101,2
DA:102,2
DA:103,1
DA:104,1
DA:107,2
DA:111,0
DA:113,0
DA:114,0
DA:117,7
DA:120,6
DA:121,18
DA:122,18
DA:123,9
DA:124,12
DA:125,9
DA:126,9
DA:127,9
DA:128,12
DA:129,9
DA:130,9
DA:131,12
DA:132,9
DA:133,9
DA:134,9
DA:135,9
DA:136,9
DA:137,9
DA:138,9
DA:139,9
DA:140,9
DA:142,0
DA:144,0
DA:145,0
DA:146,0
DA:147,0
DA:148,0
DA:149,0
DA:150,0
DA:151,0
DA:152,0
DA:153,0
DA:154,0
DA:155,0
DA:156,0
DA:157,0
DA:158,0
DA:159,0
DA:160,0
DA:161,0
DA:162,0
DA:164,5
DA:165,20
DA:166,20
DA:167,15
DA:168,15
DA:169,15
DA:170,15
DA:171,15
DA:172,15
DA:173,10
DA:175,0
DA:179,0
DA:180,0
DA:182,0
DA:183,0
DA:186,0
DA:187,0
DA:190,0
DA:191,0
DA:192,0
DA:196,0
DA:197,0
DA:198,0
DA:202,0
DA:203,0
DA:204,0
DA:206,0
DA:207,0
DA:208,0
DA:209,0
DA:210,0
DA:211,0
DA:212,0
DA:213,0
DA:214,0
DA:216,0
DA:217,0
DA:220,0
DA:221,0
DA:225,0
DA:226,0
DA:227,0
DA:228,0
DA:229,0
DA:230,0
DA:231,0
DA:232,0
DA:233,0
DA:234,0
DA:235,0
DA:236,0
DA:237,0
DA:238,0
DA:239,0
DA:240,0
DA:241,0
DA:242,0
DA:243,0
DA:244,0
DA:247,10
DA:249,22
DA:251,22
LF:126
LH:54
end_of_record
SF:/Users/milad/StudioProjects/injectable/injectable_generator/lib/models/importable_type.dart
DA:10,20
DA:14,10
DA:20,0
DA:22,7
DA:31,0
DA:41,1
DA:50,21
DA:52,0
DA:54,0
DA:55,0
DA:57,0
DA:61,7
DA:64,6
DA:65,18
DA:66,24
DA:67,18
DA:68,18
DA:69,18
DA:70,18
DA:71,24
DA:73,6
DA:75,24
DA:76,18
DA:77,18
DA:78,24
DA:79,18
DA:80,12
DA:82,0
DA:83,0
DA:84,0
DA:85,0
DA:86,0
DA:89,0
DA:90,0
DA:91,0
DA:92,0
DA:93,0
DA:94,0
DA:95,0
DA:97,0
DA:98,0
DA:102,0
DA:103,0
DA:104,0
DA:105,0
DA:106,0
DA:107,0
DA:108,0
DA:109,0
DA:110,0
DA:111,0
DA:112,0
LF:52
LH:21
end_of_record
SF:/Users/milad/StudioProjects/injectable/injectable_generator/lib/models/injected_dependency.dart
DA:11,6
DA:20,0
DA:22,0
DA:25,2
DA:28,2
DA:29,6
DA:30,6
DA:31,6
DA:32,6
DA:33,6
DA:34,6
DA:35,6
DA:37,4
DA:39,12
DA:40,12
DA:41,12
DA:42,12
DA:43,12
DA:44,8
DA:46,0
DA:47,0
DA:48,0
DA:49,0
DA:50,0
DA:51,0
DA:52,0
DA:53,0
DA:57,0
DA:58,0
DA:59,0
DA:60,0
DA:61,0
DA:62,0
DA:63,0
DA:64,0
LF:35
LH:17
end_of_record
SF:/Users/milad/StudioProjects/injectable/injectable_generator/lib/resolvers/importable_type_resolver.dart
DA:19,0
DA:23,0
DA:24,0
DA:25,0
DA:26,0
DA:27,0
DA:28,0
DA:29,0
DA:30,0
DA:32,0
DA:33,0
DA:34,0
DA:41,5
DA:45,0
DA:46,0
DA:47,0
DA:56,1
DA:58,0
DA:62,0
DA:63,0
DA:66,0
DA:67,0
DA:68,0
DA:69,0
DA:70,0
DA:76,0
DA:77,0
DA:81,0
DA:87,0
DA:89,0
DA:91,0
DA:95,0
DA:97,0
DA:98,0
DA:101,0
DA:102,0
DA:104,0
DA:105,0
DA:106,0
DA:110,1
DA:111,1
DA:112,2
DA:113,1
DA:114,1
DA:115,1
DA:116,1
DA:117,3
DA:118,1
DA:119,1
DA:120,3
DA:121,1
DA:122,2
DA:124,3
DA:126,2
DA:127,1
DA:128,1
DA:133,2
DA:134,1
DA:135,1
DA:136,2
DA:137,1
DA:138,1
DA:140,1
DA:141,0
DA:142,0
DA:143,0
DA:144,0
DA:145,0
DA:146,0
DA:147,0
DA:148,0
DA:149,0
DA:150,0
DA:153,0
DA:154,0
DA:156,0
DA:157,0
DA:158,0
DA:159,0
DA:160,0
DA:161,0
DA:162,0
DA:171,1
DA:173,3
DA:174,1
DA:175,2
DA:176,1
DA:177,0
DA:178,1
DA:179,2
DA:180,2
DA:181,1
DA:184,1
DA:185,1
DA:186,2
DA:187,1
DA:188,2
DA:189,1
LF:98
LH:41
end_of_record
SF:/Users/milad/StudioProjects/injectable/injectable_generator/lib/models/dispose_function_config.dart
DA:8,0
DA:14,0
DA:19,0
DA:20,0
DA:22,0
DA:26,0
DA:27,0
DA:28,0
DA:29,0
DA:33,0
DA:35,0
DA:38,0
DA:41,0
DA:42,0
DA:43,0
DA:44,0
DA:45,0
DA:47,0
DA:49,0
DA:51,0
DA:54,0
DA:55,0
DA:57,0
DA:58,0
DA:59,0
DA:64,0
DA:65,0
DA:66,0
DA:67,0
DA:68,0
LF:30
LH:0
end_of_record
SF:/Users/milad/StudioProjects/injectable/injectable_generator/lib/models/external_module_config.dart
DA:7,0
DA:9,0
DA:12,0
DA:13,0
DA:14,0
DA:15,0
DA:17,0
DA:18,0
LF:8
LH:0
end_of_record
SF:/Users/milad/StudioProjects/injectable/injectable_generator/lib/models/module_config.dart
DA:9,0
DA:16,0
DA:22,0
DA:23,0
DA:24,0
DA:26,0
DA:30,0
DA:31,0
DA:32,0
DA:33,0
DA:34,0
DA:38,0
DA:40,0
DA:43,0
DA:46,0
DA:47,0
DA:48,0
DA:50,0
DA:51,0
DA:53,0
DA:54,0
DA:55,0
DA:56,0
DA:57,0
DA:58,0
DA:62,0
DA:63,0
DA:64,0
DA:65,0
DA:66,0
DA:67,0
LF:31
LH:0
end_of_record
SF:/Users/milad/StudioProjects/injectable/injectable_generator/lib/utils.dart
DA:6,0
DA:7,0
DA:8,0
DA:10,0
DA:13,1
DA:14,2
DA:15,1
DA:17,4
DA:20,0
DA:22,0
DA:25,0
DA:27,0
DA:30,0
DA:31,0
DA:34,4
DA:36,1
DA:40,0
DA:45,0
DA:49,1
DA:50,2
DA:51,1
DA:63,1
DA:64,1
DA:65,1
LF:24
LH:12
end_of_record
SF:/Users/milad/StudioProjects/injectable/injectable_generator/lib/resolvers/dependency_resolver.dart
DA:82,1
DA:84,1
DA:85,4
DA:86,1
DA:89,0
DA:93,0
DA:94,0
DA:97,0
DA:98,0
DA:99,0
DA:100,0
DA:101,0
DA:106,0
DA:107,0
DA:109,0
DA:110,0
DA:115,0
DA:117,0
DA:118,0
DA:120,0
DA:123,0
DA:125,0
DA:129,0
DA:130,0
DA:133,1
DA:138,2
DA:139,1
DA:147,1
DA:148,3
DA:150,1
DA:151,1
DA:153,0
DA:154,0
DA:155,1
DA:156,1
DA:158,0
DA:159,0
DA:160,0
DA:162,0
DA:163,0
DA:164,0
DA:165,0
DA:166,0
DA:167,0
DA:169,0
DA:171,0
DA:174,2
DA:175,1
DA:176,3
DA:177,3
DA:180,1
DA:181,2
DA:182,3
DA:185,1
DA:187,3
DA:190,3
DA:193,1
DA:194,2
DA:199,1
DA:202,1
DA:203,1
DA:204,1
DA:205,1
DA:206,1
DA:207,1
DA:208,1
DA:209,2
DA:213,1
DA:215,1
DA:216,1
DA:217,1
DA:221,1
DA:222,0
DA:223,0
DA:225,0
DA:226,0
DA:228,0
DA:232,2
DA:233,2
DA:236,0
DA:237,0
DA:241,0
DA:242,0
DA:243,0
DA:248,0
DA:250,0
DA:253,0
DA:254,0
DA:255,0
DA:256,0
DA:259,0
DA:260,0
DA:261,0
DA:262,0
DA:269,0
DA:272,1
DA:273,4
DA:274,1
DA:277,1
DA:278,1
DA:279,1
DA:281,4
DA:286,1
DA:288,1
DA:289,2
DA:290,4
DA:292,1
DA:293,1
DA:294,2
DA:297,3
DA:298,1
DA:299,3
DA:306,3
DA:308,3
DA:311,2
DA:312,2
DA:314,1
DA:316,2
DA:317,1
DA:323,1
DA:324,1
DA:330,1
DA:335,0
DA:336,0
DA:338,2
DA:339,0
DA:340,3
DA:341,1
DA:346,1
DA:347,2
DA:352,2
DA:353,1
DA:357,1
DA:358,1
DA:359,1
DA:364,1
DA:365,4
DA:366,5
DA:368,1
DA:369,1
DA:374,1
DA:375,2
DA:380,1
DA:381,2
DA:385,1
DA:386,1
DA:393,2
DA:394,1
DA:398,0
DA:399,0
DA:403,0
DA:404,0
DA:408,0
DA:409,0
DA:410,0
DA:415,0
DA:416,0
DA:417,0
DA:422,0
DA:423,0
DA:424,0
DA:426,0
DA:427,0
DA:428,0
DA:431,0
DA:436,1
DA:437,1
DA:438,1
DA:439,1
DA:440,1
DA:441,1
DA:442,1
DA:443,1
DA:444,1
DA:445,1
DA:446,1
DA:447,1
DA:448,1
DA:449,1
DA:450,1
DA:451,1
DA:452,1
DA:455,1
LF:183
LH:109
end_of_record
